Auth_final/build/app/intermediates/manifest_merge_blame_file/debug/manifest-merger-blame-debug-report.txt
1<?xml version="1.0" encoding="utf-8"?>
2<manifest xmlns:android="http://schemas.android.com/apk/res/android"
3    package="com.auth0.sample"
4    android:versionCode="1"
5    android:versionName="1.0.0" >
6
7    <uses-sdk
8        android:minSdkVersion="21"
9        android:targetSdkVersion="33" />
10    <!--
11         The INTERNET permission is required for development. Specifically,
12         the Flutter tool needs it to communicate with the running application
13         to allow setting breakpoints, to provide hot reload, etc.
14    -->
15    <uses-permission android:name="android.permission.INTERNET" />
15-->src\main\AndroidManifest.xml:4:4-66
15-->src\main\AndroidManifest.xml:4:21-63
16    <uses-permission android:name="android.permission.ACCESS_NETWORK_STATE" />
16-->src\main\AndroidManifest.xml:5:4-78
16-->src\main\AndroidManifest.xml:5:21-75
17
18    <queries>
18-->[com.auth0.android:auth0:2.10.1] AndroidManifest.xml:14:5-22:15
19        <intent>
19-->[com.auth0.android:auth0:2.10.1] AndroidManifest.xml:15:9-21:18
20            <action android:name="android.intent.action.VIEW" />
20-->[:auth0_flutter] AndroidManifest.xml:15:17-69
20-->[:auth0_flutter] AndroidManifest.xml:15:25-66
21
22            <category android:name="android.intent.category.BROWSABLE" />
22-->[:auth0_flutter] AndroidManifest.xml:18:17-78
22-->[:auth0_flutter] AndroidManifest.xml:18:27-75
23
24            <data android:scheme="https" />
24-->[:auth0_flutter] AndroidManifest.xml:20:17-23:45
24-->[:auth0_flutter] AndroidManifest.xml:23:21-42
25        </intent>
26    </queries>
27
28    <application
29        android:name="android.app.Application"
30        android:appComponentFactory="androidx.core.app.CoreComponentFactory"
30-->[androidx.core:core:1.6.0] AndroidManifest.xml:24:18-86
31        android:debuggable="true"
32        android:icon="@mipmap/ic_launcher"
33        android:label="sample" >
34        <activity
35            android:name="com.auth0.sample.MainActivity"
36            android:configChanges="orientation|keyboardHidden|keyboard|screenSize|smallestScreenSize|locale|layoutDirection|fontScale|screenLayout|density|uiMode"
37            android:exported="true"
38            android:hardwareAccelerated="true"
39            android:launchMode="singleTop"
40            android:theme="@style/LaunchTheme"
41            android:windowSoftInputMode="adjustResize" >
42
43            <!--
44                 Specifies an Android theme to apply to this Activity as soon as
45                 the Android process has started. This theme is visible to the user
46                 while the Flutter UI initializes. After that, this theme continues
47                 to determine the Window background behind the Flutter UI.
48            -->
49            <meta-data
50                android:name="io.flutter.embedding.android.NormalTheme"
51                android:resource="@style/NormalTheme" />
52
53            <intent-filter>
54                <action android:name="android.intent.action.MAIN" />
55
56                <category android:name="android.intent.category.LAUNCHER" />
57            </intent-filter>
58        </activity>
59        <!--
60             Don't delete the meta-data below.
61             This is used by the Flutter tool to generate GeneratedPluginRegistrant.java
62        -->
63        <meta-data
64            android:name="flutterEmbedding"
65            android:value="2" />
66
67        <activity
67-->[:auth0_flutter] AndroidManifest.xml:11:9-25:20
68            android:name="com.auth0.android.provider.RedirectActivity"
68-->[:auth0_flutter] AndroidManifest.xml:12:13-71
69            android:exported="true" >
69-->[:auth0_flutter] AndroidManifest.xml:13:13-36
70            <intent-filter>
70-->[:auth0_flutter] AndroidManifest.xml:14:13-24:29
71                <action android:name="android.intent.action.VIEW" />
71-->[:auth0_flutter] AndroidManifest.xml:15:17-69
71-->[:auth0_flutter] AndroidManifest.xml:15:25-66
72
73                <category android:name="android.intent.category.DEFAULT" />
73-->[:auth0_flutter] AndroidManifest.xml:17:17-76
73-->[:auth0_flutter] AndroidManifest.xml:17:27-73
74                <category android:name="android.intent.category.BROWSABLE" />
74-->[:auth0_flutter] AndroidManifest.xml:18:17-78
74-->[:auth0_flutter] AndroidManifest.xml:18:27-75
75
76                <data
76-->[:auth0_flutter] AndroidManifest.xml:20:17-23:45
77                    android:host="test-domain"
77-->[:auth0_flutter] AndroidManifest.xml:21:21-47
78                    android:pathPrefix="/android/com.auth0.sample/callback"
78-->[:auth0_flutter] AndroidManifest.xml:22:21-76
79                    android:scheme="test" />
79-->[:auth0_flutter] AndroidManifest.xml:23:21-42
80            </intent-filter>
81            <intent-filter android:autoVerify="true" >
81-->[com.auth0.android:auth0:2.10.1] AndroidManifest.xml:34:13-46:29
81-->[com.auth0.android:auth0:2.10.1] AndroidManifest.xml:35:17-42
82                <action android:name="android.intent.action.VIEW" />
82-->[:auth0_flutter] AndroidManifest.xml:15:17-69
82-->[:auth0_flutter] AndroidManifest.xml:15:25-66
83
84                <category android:name="android.intent.category.DEFAULT" />
84-->[:auth0_flutter] AndroidManifest.xml:17:17-76
84-->[:auth0_flutter] AndroidManifest.xml:17:27-73
85                <category android:name="android.intent.category.BROWSABLE" />
85-->[:auth0_flutter] AndroidManifest.xml:18:17-78
85-->[:auth0_flutter] AndroidManifest.xml:18:27-75
86
87                <data
87-->[:auth0_flutter] AndroidManifest.xml:20:17-23:45
88                    android:host="dev-ke6j7nmw8jhuyp85.us.auth0.com"
88-->[:auth0_flutter] AndroidManifest.xml:21:21-47
89                    android:pathPrefix="/android/com.auth0.sample/callback"
89-->[:auth0_flutter] AndroidManifest.xml:22:21-76
90                    android:scheme="https" />
90-->[:auth0_flutter] AndroidManifest.xml:23:21-42
91            </intent-filter>
92        </activity>
93        <activity
93-->[com.auth0.android:auth0:2.10.1] AndroidManifest.xml:25:9-30:75
94            android:name="com.auth0.android.provider.AuthenticationActivity"
94-->[com.auth0.android:auth0:2.10.1] AndroidManifest.xml:26:13-77
95            android:configChanges="screenSize|smallestScreenSize|screenLayout|orientation|keyboard|keyboardHidden"
95-->[com.auth0.android:auth0:2.10.1] AndroidManifest.xml:27:13-115
96            android:exported="false"
96-->[com.auth0.android:auth0:2.10.1] AndroidManifest.xml:28:13-37
97            android:launchMode="singleTask"
97-->[com.auth0.android:auth0:2.10.1] AndroidManifest.xml:29:13-44
98            android:theme="@android:style/Theme.Translucent.NoTitleBar" />
98-->[com.auth0.android:auth0:2.10.1] AndroidManifest.xml:30:13-72
99
100        <uses-library
100-->[androidx.window:window:1.0.0-beta04] AndroidManifest.xml:25:9-27:40
101            android:name="androidx.window.extensions"
101-->[androidx.window:window:1.0.0-beta04] AndroidManifest.xml:26:13-54
102            android:required="false" />
102-->[androidx.window:window:1.0.0-beta04] AndroidManifest.xml:27:13-37
103        <uses-library
103-->[androidx.window:window:1.0.0-beta04] AndroidManifest.xml:28:9-30:40
104            android:name="androidx.window.sidecar"
104-->[androidx.window:window:1.0.0-beta04] AndroidManifest.xml:29:13-51
105            android:required="false" />
105-->[androidx.window:window:1.0.0-beta04] AndroidManifest.xml:30:13-37
106    </application>
107
108</manifest>